Using pre-set license
Built from '2020.3/release' branch; Version is '2020.3.1f1 (77a89f25062f) revision 7841951'; Using compiler version '192528614'; Build Type 'Release'
OS: 'Windows 10 Pro Education; OS build 19042.1466; Version 2009; 64bit' Language: 'es' Physical Memory: 16296 MB
BatchMode: 1, IsHumanControllingUs: 0, StartBugReporterOnCrash: 0, Is64bit: 1, IsPro: 0

 COMMAND LINE ARGUMENTS:
C:\Program Files\Unity\Hub\Editor\2020.3.1f1\Editor\Unity.exe
-adb2
-batchMode
-noUpm
-name
AssetImportWorker0
-projectPath
D:/2ºAnimación/RPMI/GitHub/Repositorios/PR_ZAXXON/PR_ZAXXON_LabradorAlejandro
-logFile
Logs/AssetImportWorker0.log
-srvPort
50716
Successfully changed project path to: D:/2ºAnimación/RPMI/GitHub/Repositorios/PR_ZAXXON/PR_ZAXXON_LabradorAlejandro
D:/2ºAnimación/RPMI/GitHub/Repositorios/PR_ZAXXON/PR_ZAXXON_LabradorAlejandro
Using Asset Import Pipeline V2.
Refreshing native plugins compatible for Editor in 43.83 ms, found 0 plugins.
Preloading 0 native plugins for Editor in 0.00 ms.
Initialize engine version: 2020.3.1f1 (77a89f25062f)
[Subsystems] Discovering subsystems at path C:/Program Files/Unity/Hub/Editor/2020.3.1f1/Editor/Data/Resources/UnitySubsystems
[Subsystems] Discovering subsystems at path D:/2ºAnimación/RPMI/GitHub/Repositorios/PR_ZAXXON/PR_ZAXXON_LabradorAlejandro/Assets
GfxDevice: creating device client; threaded=0
Direct3D:
    Version:  Direct3D 11.0 [level 11.1]
    Renderer: NVIDIA GeForce GTX 1660 SUPER (ID=0x21c4)
    Vendor:   
    VRAM:     5991 MB
    Driver:   27.21.14.5730
Shader 'Universal Render Pipeline/Particles/Lit': fallback shader 'Universal Render Pipeline/Particles/SimpleLit' not found
Initialize mono
Mono path[0] = 'C:/Program Files/Unity/Hub/Editor/2020.3.1f1/Editor/Data/Managed'
Mono path[1] = 'C:/Program Files/Unity/Hub/Editor/2020.3.1f1/Editor/Data/MonoBleedingEdge/lib/mono/unityjit'
Mono config path = 'C:/Program Files/Unity/Hub/Editor/2020.3.1f1/Editor/Data/MonoBleedingEdge/etc'
Using monoOptions --debugger-agent=transport=dt_socket,embedding=1,server=y,suspend=n,address=127.0.0.1:56356
Begin MonoManager ReloadAssembly
Registering precompiled unity dll's ...
Register platform support module: C:/Program Files/Unity/Hub/Editor/2020.3.1f1/Editor/Data/PlaybackEngines/WindowsStandaloneSupport/UnityEditor.WindowsStandalone.Extensions.dll
Registered in 0.001548 seconds.
Native extension for WindowsStandalone target not found
Refreshing native plugins compatible for Editor in 44.42 ms, found 0 plugins.
Preloading 0 native plugins for Editor in 0.00 ms.
Invoked RoslynAnalysisRunner static constructor.
RoslynAnalysisRunner will not be running.
RoslynAnalysisRunner has terminated.
Mono: successfully reloaded assembly
- Completed reload, in  1.856 seconds
Platform modules already initialized, skipping
Registering precompiled user dll's ...
Registered in 0.001098 seconds.
Begin MonoManager ReloadAssembly
Native extension for WindowsStandalone target not found
Refreshing native plugins compatible for Editor in 45.74 ms, found 0 plugins.
Preloading 0 native plugins for Editor in 0.00 ms.
Invoked RoslynAnalysisRunner static constructor.
RoslynAnalysisRunner will not be running.
RoslynAnalysisRunner has terminated.
Mono: successfully reloaded assembly
- Completed reload, in  1.189 seconds
Platform modules already initialized, skipping
========================================================================
Worker process is ready to serve import requests
Shader 'Universal Render Pipeline/Particles/Lit': fallback shader 'Universal Render Pipeline/Particles/SimpleLit' not found
Launched and connected shader compiler UnityShaderCompiler.exe after 0.03 seconds
Refreshing native plugins compatible for Editor in 0.44 ms, found 0 plugins.
Preloading 0 native plugins for Editor in 0.00 ms.
Unloading 2771 Unused Serialized files (Serialized files now loaded: 0)
System memory in use before: 151.6 MB.
System memory in use after: 151.8 MB.

Unloading 21 unused Assets to reduce memory usage. Loaded Objects now: 3251.
Total: 2.403200 ms (FindLiveObjects: 0.364400 ms CreateObjectMapping: 0.137400 ms MarkObjects: 1.762100 ms  DeleteObjects: 0.138300 ms)

========================================================================
Received Import Request.
  path: Assets/KB3D_NeoCities_UnityHDRP/Assets/KB3D/CommonTextures/KB3D_NEC_AirCon_normal.png
  artifactKey: Guid(ae91fcbce62e8924c9e14b6dc855e84c) Importer(815301076,1909f56bfc062723c751e8b465ee728b)
Start importing Assets/KB3D_NeoCities_UnityHDRP/Assets/KB3D/CommonTextures/KB3D_NEC_AirCon_normal.png using Guid(ae91fcbce62e8924c9e14b6dc855e84c) Importer(815301076,1909f56bfc062723c751e8b465ee728b)  -> (artifact id: '754aefec7f2ca345c00e2b3c305a783f') in 0.072864 seconds
  Import took 0.076706 seconds .

========================================================================
Received Import Request.
  Time since last request: 0.000253 seconds.
  path: Assets/KB3D_NeoCities_UnityHDRP/Assets/KB3D/CommonTextures/KB3D_NEC_AirCon_height.png
  artifactKey: Guid(4c6d70ef530242b4d8336c04eff9a686) Importer(815301076,1909f56bfc062723c751e8b465ee728b)
Start importing Assets/KB3D_NeoCities_UnityHDRP/Assets/KB3D/CommonTextures/KB3D_NEC_AirCon_height.png using Guid(4c6d70ef530242b4d8336c04eff9a686) Importer(815301076,1909f56bfc062723c751e8b465ee728b)  -> (artifact id: 'bb91cd07133c586439b0068284b360f3') in 0.011698 seconds
  Import took 0.015399 seconds .

========================================================================
Received Import Request.
  Time since last request: 0.000142 seconds.
  path: Assets/KB3D_NeoCities_UnityHDRP/Assets/KB3D/CommonTextures/KB3D_NEC_AirCon_basecolor.png
  artifactKey: Guid(a78b62d5c70ab624da8f81f43c10db82) Importer(815301076,1909f56bfc062723c751e8b465ee728b)
Start importing Assets/KB3D_NeoCities_UnityHDRP/Assets/KB3D/CommonTextures/KB3D_NEC_AirCon_basecolor.png using Guid(a78b62d5c70ab624da8f81f43c10db82) Importer(815301076,1909f56bfc062723c751e8b465ee728b)  -> (artifact id: '98ac52e6e71cadcb1327bf01de92d35a') in 0.036755 seconds
  Import took 0.040791 seconds .

========================================================================
Received Import Request.
  Time since last request: 0.000160 seconds.
  path: Assets/KB3D_NeoCities_UnityHDRP/Assets/KB3D/CommonTextures/KB3D_NEC_AsphaltHexagonRoof_mads.png
  artifactKey: Guid(308145b664f26d146878fa357b6f5ebc) Importer(815301076,1909f56bfc062723c751e8b465ee728b)
Start importing Assets/KB3D_NeoCities_UnityHDRP/Assets/KB3D/CommonTextures/KB3D_NEC_AsphaltHexagonRoof_mads.png using Guid(308145b664f26d146878fa357b6f5ebc) Importer(815301076,1909f56bfc062723c751e8b465ee728b)  -> (artifact id: '42cfaa6b34ddb3a4361422fa919fab30') in 0.013082 seconds
  Import took 0.017434 seconds .

========================================================================
Received Import Request.
  Time since last request: 0.003661 seconds.
  path: Assets/KB3D_NeoCities_UnityHDRP/Assets/KB3D/CommonTextures/KB3D_NEC_AsphaltHexagonRoof_mads.png
  artifactKey: Guid(308145b664f26d146878fa357b6f5ebc) Importer(815301076,1909f56bfc062723c751e8b465ee728b)
Start importing Assets/KB3D_NeoCities_UnityHDRP/Assets/KB3D/CommonTextures/KB3D_NEC_AsphaltHexagonRoof_mads.png using Guid(308145b664f26d146878fa357b6f5ebc) Importer(815301076,1909f56bfc062723c751e8b465ee728b)  -> (artifact id: '42cfaa6b34ddb3a4361422fa919fab30') in 0.014961 seconds
  Import took 0.019498 seconds .

========================================================================
Received Import Request.
  Time since last request: 17.156297 seconds.
  path: Assets/KB3D_NeoCities_UnityHDRP/Assets/KB3D/NeoCities/KB3D_NEC_BldgLG_A.fbx
  artifactKey: Guid(ec2849a75d44bb94c8c92fc8b813441f) Importer(815301076,1909f56bfc062723c751e8b465ee728b)
Start importing Assets/KB3D_NeoCities_UnityHDRP/Assets/KB3D/NeoCities/KB3D_NEC_BldgLG_A.fbx using Guid(ec2849a75d44bb94c8c92fc8b813441f) Importer(815301076,1909f56bfc062723c751e8b465ee728b)  -> (artifact id: '3e60d745140ee09e449f9c41e1f58ad2') in 0.286888 seconds
  Import took 0.292792 seconds .

========================================================================
Received Import Request.
  Time since last request: 8.311886 seconds.
  path: Assets/KB3D_NeoCities_UnityHDRP/Assets/KB3D
  artifactKey: Guid(f462b60d2ceb6c1478e783418c2cbf97) Importer(815301076,1909f56bfc062723c751e8b465ee728b)
Start importing Assets/KB3D_NeoCities_UnityHDRP/Assets/KB3D using Guid(f462b60d2ceb6c1478e783418c2cbf97) Importer(815301076,1909f56bfc062723c751e8b465ee728b)  -> (artifact id: 'f86b369107045f6a2ea3fb68ef3ba334') in 0.004845 seconds
  Import took 0.008850 seconds .

========================================================================
Received Import Request.
  Time since last request: 85.875394 seconds.
  path: Assets/Prefabs/New Folder
  artifactKey: Guid(bc8fde246a3d6974483806396923579b) Importer(815301076,1909f56bfc062723c751e8b465ee728b)
Start importing Assets/Prefabs/New Folder using Guid(bc8fde246a3d6974483806396923579b) Importer(815301076,1909f56bfc062723c751e8b465ee728b)  -> (artifact id: 'bc5ed9a9039ef6104574f14a3c71b573') in 0.005216 seconds
  Import took 0.009229 seconds .

========================================================================
Received Import Request.
  Time since last request: 1.420824 seconds.
  path: Assets/Prefabs
  artifactKey: Guid(0e950574c920b8941ac8ebfde0cf7d44) Importer(815301076,1909f56bfc062723c751e8b465ee728b)
Start importing Assets/Prefabs using Guid(0e950574c920b8941ac8ebfde0cf7d44) Importer(815301076,1909f56bfc062723c751e8b465ee728b)  -> (artifact id: '972f06a09f2dabca7d2f73f037b0cf6d') in 0.004772 seconds
  Import took 0.008631 seconds .

========================================================================
Received Import Request.
  Time since last request: 74.060402 seconds.
  path: Assets/KB3D_NeoCities_UnityHDRP
  artifactKey: Guid(d23fece3984ea704ba282e1749c38c2b) Importer(815301076,1909f56bfc062723c751e8b465ee728b)
Start importing Assets/KB3D_NeoCities_UnityHDRP using Guid(d23fece3984ea704ba282e1749c38c2b) Importer(815301076,1909f56bfc062723c751e8b465ee728b)  -> (artifact id: '8c04ef6725808f942302d6cdaccd87ba') in 0.005342 seconds
  Import took 0.009262 seconds .

========================================================================
Received Prepare
Registering precompiled user dll's ...
Registered in 0.001148 seconds.
Begin MonoManager ReloadAssembly
Native extension for WindowsStandalone target not found
Refreshing native plugins compatible for Editor in 0.42 ms, found 0 plugins.
Preloading 0 native plugins for Editor in 0.00 ms.
Invoked RoslynAnalysisRunner static constructor.
RoslynAnalysisRunner will not be running.
RoslynAnalysisRunner has terminated.
Mono: successfully reloaded assembly
- Completed reload, in  1.127 seconds
Platform modules already initialized, skipping
Shader 'Universal Render Pipeline/Particles/Lit': fallback shader 'Universal Render Pipeline/Particles/SimpleLit' not found
Refreshing native plugins compatible for Editor in 0.41 ms, found 0 plugins.
Preloading 0 native plugins for Editor in 0.00 ms.
Unloading 2619 Unused Serialized files (Serialized files now loaded: 0)
System memory in use before: 148.2 MB.
System memory in use after: 148.4 MB.

Unloading 8 unused Assets to reduce memory usage. Loaded Objects now: 3304.
Total: 2.032600 ms (FindLiveObjects: 0.274000 ms CreateObjectMapping: 0.099700 ms MarkObjects: 1.575800 ms  DeleteObjects: 0.082300 ms)

========================================================================
Received Prepare
Registering precompiled user dll's ...
Registered in 0.098268 seconds.
Begin MonoManager ReloadAssembly
Native extension for WindowsStandalone target not found
Refreshing native plugins compatible for Editor in 0.60 ms, found 0 plugins.
Preloading 0 native plugins for Editor in 0.00 ms.
Invoked RoslynAnalysisRunner static constructor.
RoslynAnalysisRunner will not be running.
RoslynAnalysisRunner has terminated.
Mono: successfully reloaded assembly
- Completed reload, in  2.790 seconds
Platform modules already initialized, skipping
Shader 'Universal Render Pipeline/Particles/Lit': fallback shader 'Universal Render Pipeline/Particles/SimpleLit' not found
Refreshing native plugins compatible for Editor in 0.41 ms, found 0 plugins.
Preloading 0 native plugins for Editor in 0.00 ms.
Unloading 2619 Unused Serialized files (Serialized files now loaded: 0)
System memory in use before: 148.2 MB.
System memory in use after: 148.4 MB.

Unloading 7 unused Assets to reduce memory usage. Loaded Objects now: 3307.
Total: 5.503200 ms (FindLiveObjects: 0.950500 ms CreateObjectMapping: 0.477500 ms MarkObjects: 3.979000 ms  DeleteObjects: 0.094000 ms)

========================================================================
Received Import Request.
  Time since last request: 562.033680 seconds.
  path: Assets/modelado/DeLorean/CyberpunkDeLorean.FBX
  artifactKey: Guid(70c1bd4d2d3d26d44a72aef45eff8aa8) Importer(815301076,1909f56bfc062723c751e8b465ee728b)
Start importing Assets/modelado/DeLorean/CyberpunkDeLorean.FBX using Guid(70c1bd4d2d3d26d44a72aef45eff8aa8) Importer(815301076,1909f56bfc062723c751e8b465ee728b)  -> (artifact id: 'dca097e781d0391ce7714b3b1feccaa0') in 0.889631 seconds
  Import took 0.900593 seconds .

========================================================================
Received Import Request.
  Time since last request: 2860.575653 seconds.
  path: Assets/KB3D_NeoCities_UnityBuiltIn
  artifactKey: Guid(0610346498190bc468d85bcde7f9d946) Importer(815301076,1909f56bfc062723c751e8b465ee728b)
Start importing Assets/KB3D_NeoCities_UnityBuiltIn using Guid(0610346498190bc468d85bcde7f9d946) Importer(815301076,1909f56bfc062723c751e8b465ee728b)  -> (artifact id: '0923c230dfbfca3cef9c4071a3cdac42') in 0.007455 seconds
  Import took 0.012136 seconds .

========================================================================
Received Import Request.
  Time since last request: 0.707006 seconds.
  path: Assets/Materiales
  artifactKey: Guid(8b70f280e3b21fa469e7a0cc3a6afaac) Importer(815301076,1909f56bfc062723c751e8b465ee728b)
Start importing Assets/Materiales using Guid(8b70f280e3b21fa469e7a0cc3a6afaac) Importer(815301076,1909f56bfc062723c751e8b465ee728b)  -> (artifact id: '0093e1b4ca058b91022882efc7af06b4') in 0.006379 seconds
  Import took 0.010920 seconds .

========================================================================
Received Import Request.
  Time since last request: 5.534244 seconds.
  path: Assets/KB3D_NeoCities_UnityBuiltIn/Assets/KB3D/NeoCities/Materials
  artifactKey: Guid(f971764a6c5bd4e46aa59c3f2f0ed30b) Importer(815301076,1909f56bfc062723c751e8b465ee728b)
Start importing Assets/KB3D_NeoCities_UnityBuiltIn/Assets/KB3D/NeoCities/Materials using Guid(f971764a6c5bd4e46aa59c3f2f0ed30b) Importer(815301076,1909f56bfc062723c751e8b465ee728b)  -> (artifact id: 'd2507db4fdb3c2e362fb391d351daa66') in 0.005918 seconds
  Import took 0.010223 seconds .

========================================================================
Received Import Request.
  Time since last request: 75.893002 seconds.
  path: Assets/KB3D_NeoCities_UnityBuiltIn/Assets/KB3D/NeoCities/KB3D_NEC_BldgLG_A.fbx
  artifactKey: Guid(b93283bb90cef8f45aeb350c3ca531e1) Importer(815301076,1909f56bfc062723c751e8b465ee728b)
Start importing Assets/KB3D_NeoCities_UnityBuiltIn/Assets/KB3D/NeoCities/KB3D_NEC_BldgLG_A.fbx using Guid(b93283bb90cef8f45aeb350c3ca531e1) Importer(815301076,1909f56bfc062723c751e8b465ee728b)  -> (artifact id: '3989b8b6ab986a7b98e8e032db5d5359') in 0.213776 seconds
  Import took 0.224206 seconds .

========================================================================
Received Import Request.
  Time since last request: 55.775125 seconds.
  path: Assets/KB3D_NeoCities_UnityBuiltIn/Assets/KB3D/NeoCities/KB3D_NEC_BldgLG_C.fbx
  artifactKey: Guid(6294722d464133741a4c027ae74c7c75) Importer(815301076,1909f56bfc062723c751e8b465ee728b)
Start importing Assets/KB3D_NeoCities_UnityBuiltIn/Assets/KB3D/NeoCities/KB3D_NEC_BldgLG_C.fbx using Guid(6294722d464133741a4c027ae74c7c75) Importer(815301076,1909f56bfc062723c751e8b465ee728b)  -> (artifact id: '0836d55f0dac66eb105d37efebbf1564') in 0.131189 seconds
  Import took 0.140129 seconds .

========================================================================
Received Import Request.
  Time since last request: 200.881056 seconds.
  path: Assets/KB3D_NeoCities_UnityBuiltIn/Assets/Scenes
  artifactKey: Guid(a6fe0002f755c2940be8bfb0de73bd50) Importer(815301076,1909f56bfc062723c751e8b465ee728b)
Start importing Assets/KB3D_NeoCities_UnityBuiltIn/Assets/Scenes using Guid(a6fe0002f755c2940be8bfb0de73bd50) Importer(815301076,1909f56bfc062723c751e8b465ee728b)  -> (artifact id: 'd2c67c1db4a82238525e9b36e5affc1f') in 0.007265 seconds
  Import took 0.012044 seconds .

========================================================================
Received Import Request.
  Time since last request: 2.002943 seconds.
  path: Assets/KB3D_NeoCities_UnityBuiltIn/Assets/Scenes/KB3D_NeoCities.unity
  artifactKey: Guid(aeb24c407f19d294bace434d94006f99) Importer(815301076,1909f56bfc062723c751e8b465ee728b)
Start importing Assets/KB3D_NeoCities_UnityBuiltIn/Assets/Scenes/KB3D_NeoCities.unity using Guid(aeb24c407f19d294bace434d94006f99) Importer(815301076,1909f56bfc062723c751e8b465ee728b)  -> (artifact id: '58709373055e8d89eef476c480ab64c3') in 0.007310 seconds
  Import took 0.011288 seconds .

========================================================================
Received Import Request.
  Time since last request: 297.410714 seconds.
  path: Assets/KB3D_NeoCities_UnityBuiltIn/Assets/KB3D/NeoCities/KB3D_NEC_BldgSM_A.fbx
  artifactKey: Guid(626e2db95b2102946bd9f880b0e6aa42) Importer(815301076,1909f56bfc062723c751e8b465ee728b)
Start importing Assets/KB3D_NeoCities_UnityBuiltIn/Assets/KB3D/NeoCities/KB3D_NEC_BldgSM_A.fbx using Guid(626e2db95b2102946bd9f880b0e6aa42) Importer(815301076,1909f56bfc062723c751e8b465ee728b)  -> (artifact id: 'c3d213624f043f0c105a9c051b5ee0c6') in 0.067381 seconds
  Import took 0.074984 seconds .

========================================================================
Received Import Request.
  Time since last request: 0.563244 seconds.
  path: Assets/KB3D_NeoCities_UnityBuiltIn/Assets/KB3D/NeoCities/KB3D_NEC_BldgSM_B.fbx
  artifactKey: Guid(5c532103bd694ef41806d4c693147674) Importer(815301076,1909f56bfc062723c751e8b465ee728b)
Start importing Assets/KB3D_NeoCities_UnityBuiltIn/Assets/KB3D/NeoCities/KB3D_NEC_BldgSM_B.fbx using Guid(5c532103bd694ef41806d4c693147674) Importer(815301076,1909f56bfc062723c751e8b465ee728b)  -> (artifact id: '8304c43cd057bd42fc3b81eb7b745fd3') in 0.157324 seconds
  Import took 0.167951 seconds .

========================================================================
Received Import Request.
  Time since last request: 175.014491 seconds.
  path: Assets/KB3D_NeoCities_UnityBuiltIn/Assets/KB3D/NeoCities/KB3D_NEC_BldgSM_C.fbx
  artifactKey: Guid(df16acc325f49f6419feaabfb4d5ba0f) Importer(815301076,1909f56bfc062723c751e8b465ee728b)
Start importing Assets/KB3D_NeoCities_UnityBuiltIn/Assets/KB3D/NeoCities/KB3D_NEC_BldgSM_C.fbx using Guid(df16acc325f49f6419feaabfb4d5ba0f) Importer(815301076,1909f56bfc062723c751e8b465ee728b)  -> (artifact id: 'd81200e2dc2b110bb39dc50548673d39') in 0.173385 seconds
  Import took 0.182818 seconds .

========================================================================
Received Import Request.
  Time since last request: 140.094942 seconds.
  path: Assets/KB3D_NeoCities_UnityBuiltIn/Assets/KB3D/NeoCities/KB3D_NEC_BldgMD_C.fbx
  artifactKey: Guid(80fd8f2fc560c4a40b89cdc897e03db1) Importer(815301076,1909f56bfc062723c751e8b465ee728b)
Start importing Assets/KB3D_NeoCities_UnityBuiltIn/Assets/KB3D/NeoCities/KB3D_NEC_BldgMD_C.fbx using Guid(80fd8f2fc560c4a40b89cdc897e03db1) Importer(815301076,1909f56bfc062723c751e8b465ee728b)  -> (artifact id: '629211d907733026d3e134f9d26149f7') in 0.089294 seconds
  Import took 0.097879 seconds .

========================================================================
Received Prepare
Registering precompiled user dll's ...
Registered in 0.001241 seconds.
Begin MonoManager ReloadAssembly
Native extension for WindowsStandalone target not found
Refreshing native plugins compatible for Editor in 0.44 ms, found 0 plugins.
Preloading 0 native plugins for Editor in 0.00 ms.
Invoked RoslynAnalysisRunner static constructor.
RoslynAnalysisRunner will not be running.
RoslynAnalysisRunner has terminated.
Mono: successfully reloaded assembly
- Completed reload, in  1.171 seconds
Platform modules already initialized, skipping
Shader 'Universal Render Pipeline/Particles/Lit': fallback shader 'Universal Render Pipeline/Particles/SimpleLit' not found
Refreshing native plugins compatible for Editor in 0.45 ms, found 0 plugins.
Preloading 0 native plugins for Editor in 0.00 ms.
Unloading 2619 Unused Serialized files (Serialized files now loaded: 0)
System memory in use before: 148.8 MB.
System memory in use after: 149.0 MB.

Unloading 7 unused Assets to reduce memory usage. Loaded Objects now: 3379.
Total: 2.282000 ms (FindLiveObjects: 0.245500 ms CreateObjectMapping: 0.092600 ms MarkObjects: 1.862400 ms  DeleteObjects: 0.080800 ms)

========================================================================
Received Prepare
Registering precompiled user dll's ...
Registered in 0.001150 seconds.
Begin MonoManager ReloadAssembly
Native extension for WindowsStandalone target not found
Refreshing native plugins compatible for Editor in 0.44 ms, found 0 plugins.
Preloading 0 native plugins for Editor in 0.00 ms.
Invoked RoslynAnalysisRunner static constructor.
RoslynAnalysisRunner will not be running.
RoslynAnalysisRunner has terminated.
Mono: successfully reloaded assembly
- Completed reload, in  1.116 seconds
Platform modules already initialized, skipping
Shader 'Universal Render Pipeline/Particles/Lit': fallback shader 'Universal Render Pipeline/Particles/SimpleLit' not found
Refreshing native plugins compatible for Editor in 0.45 ms, found 0 plugins.
Preloading 0 native plugins for Editor in 0.00 ms.
Unloading 2619 Unused Serialized files (Serialized files now loaded: 0)
System memory in use before: 148.8 MB.
System memory in use after: 149.0 MB.

Unloading 7 unused Assets to reduce memory usage. Loaded Objects now: 3382.
Total: 2.469100 ms (FindLiveObjects: 0.295500 ms CreateObjectMapping: 0.129900 ms MarkObjects: 1.948100 ms  DeleteObjects: 0.094800 ms)

========================================================================
Received Import Request.
  Time since last request: 907.469613 seconds.
  path: Assets/KB3D_NeoCities_UnityBuiltIn/Assets/Scenes/SampleScene.unity
  artifactKey: Guid(9fc0d4010bbf28b4594072e72b8655ab) Importer(815301076,1909f56bfc062723c751e8b465ee728b)
Start importing Assets/KB3D_NeoCities_UnityBuiltIn/Assets/Scenes/SampleScene.unity using Guid(9fc0d4010bbf28b4594072e72b8655ab) Importer(815301076,1909f56bfc062723c751e8b465ee728b)  -> (artifact id: '829ec0194dd50ff81e317cd3c71a518b') in 0.017886 seconds
  Import took 0.022752 seconds .

========================================================================
Received Import Request.
  Time since last request: 3.060261 seconds.
  path: Assets/KB3D_NeoCities_UnityBuiltIn/Assets/KB3D/NeoCities
  artifactKey: Guid(d9f01cf4146be9244a754b5d1e6aee59) Importer(815301076,1909f56bfc062723c751e8b465ee728b)
Start importing Assets/KB3D_NeoCities_UnityBuiltIn/Assets/KB3D/NeoCities using Guid(d9f01cf4146be9244a754b5d1e6aee59) Importer(815301076,1909f56bfc062723c751e8b465ee728b)  -> (artifact id: 'ba1ad97666d38287564f14501ce2c362') in 0.006772 seconds
  Import took 0.010724 seconds .

========================================================================
Received Import Request.
  Time since last request: 1.893688 seconds.
  path: Assets/Scenes/Inicio.unity
  artifactKey: Guid(4969ca1ad5fd3234083a03578926867c) Importer(815301076,1909f56bfc062723c751e8b465ee728b)
Start importing Assets/Scenes/Inicio.unity using Guid(4969ca1ad5fd3234083a03578926867c) Importer(815301076,1909f56bfc062723c751e8b465ee728b)  -> (artifact id: '0023039f89cd0915c099477011c3e87a') in 0.007097 seconds
  Import took 0.011186 seconds .

========================================================================
Received Import Request.
  Time since last request: 0.849280 seconds.
  path: Assets/Scenes/Nivel_1.unity
  artifactKey: Guid(ef0d57dad8682534abc4c96228ca84db) Importer(815301076,1909f56bfc062723c751e8b465ee728b)
Start importing Assets/Scenes/Nivel_1.unity using Guid(ef0d57dad8682534abc4c96228ca84db) Importer(815301076,1909f56bfc062723c751e8b465ee728b)  -> (artifact id: 'da5664553dafa7588ebdb78326fb8309') in 0.007077 seconds
  Import took 0.011234 seconds .

========================================================================
Received Import Request.
  Time since last request: 16.092131 seconds.
  path: Assets/KB3D_NeoCities_UnityBuiltIn/ProjectSettings
  artifactKey: Guid(685abb57e3e700c4ba9c0611c88beec1) Importer(815301076,1909f56bfc062723c751e8b465ee728b)
Start importing Assets/KB3D_NeoCities_UnityBuiltIn/ProjectSettings using Guid(685abb57e3e700c4ba9c0611c88beec1) Importer(815301076,1909f56bfc062723c751e8b465ee728b)  -> (artifact id: '7f986294ba989ba78b8e4d05662ac48b') in 0.006495 seconds
  Import took 0.010668 seconds .

========================================================================
Received Import Request.
  Time since last request: 0.035630 seconds.
  path: Assets/KB3D_NeoCities_UnityBuiltIn/ProjectSettings
  artifactKey: Guid(685abb57e3e700c4ba9c0611c88beec1) Importer(815301076,1909f56bfc062723c751e8b465ee728b)
Start importing Assets/KB3D_NeoCities_UnityBuiltIn/ProjectSettings using Guid(685abb57e3e700c4ba9c0611c88beec1) Importer(815301076,1909f56bfc062723c751e8b465ee728b)  -> (artifact id: '7f986294ba989ba78b8e4d05662ac48b') in 0.106822 seconds
  Import took 0.113217 seconds .

========================================================================
Received Import Request.
  Time since last request: 7.353069 seconds.
  path: Assets/KB3D_NeoCities_UnityBuiltIn/ProjectSettings/ProjectVersion.txt
  artifactKey: Guid(fb972a7739e0af641a2d46bf5c3c7884) Importer(815301076,1909f56bfc062723c751e8b465ee728b)
Start importing Assets/KB3D_NeoCities_UnityBuiltIn/ProjectSettings/ProjectVersion.txt using Guid(fb972a7739e0af641a2d46bf5c3c7884) Importer(815301076,1909f56bfc062723c751e8b465ee728b)  -> (artifact id: '4ae880c214a2729b0b561251a1577d03') in 0.012946 seconds
  Import took 0.016976 seconds .

========================================================================
Received Import Request.
  Time since last request: 0.000714 seconds.
  path: Assets/KB3D_NeoCities_UnityBuiltIn/ProjectSettings/ProjectVersion.txt
  artifactKey: Guid(fb972a7739e0af641a2d46bf5c3c7884) Importer(815301076,1909f56bfc062723c751e8b465ee728b)
Start importing Assets/KB3D_NeoCities_UnityBuiltIn/ProjectSettings/ProjectVersion.txt using Guid(fb972a7739e0af641a2d46bf5c3c7884) Importer(815301076,1909f56bfc062723c751e8b465ee728b)  -> (artifact id: '4ae880c214a2729b0b561251a1577d03') in 0.002563 seconds
  Import took 0.006252 seconds .

========================================================================
Received Import Request.
  Time since last request: 21.026869 seconds.
  path: Assets/KB3D_NeoCities_UnityBuiltIn/Assets/KB3D/CommonTextures
  artifactKey: Guid(f1250cba06ab0274bb13d146a2caaf73) Importer(815301076,1909f56bfc062723c751e8b465ee728b)
Start importing Assets/KB3D_NeoCities_UnityBuiltIn/Assets/KB3D/CommonTextures using Guid(f1250cba06ab0274bb13d146a2caaf73) Importer(815301076,1909f56bfc062723c751e8b465ee728b)  -> (artifact id: 'b0c63a25e61e2609b302a4fe69d8cbc5') in 0.005314 seconds
  Import took 0.009254 seconds .

========================================================================
Received Import Request.
  Time since last request: 5.120327 seconds.
  path: Assets/Free Stylized Skybox/CubeMap/Textures/Sky_Anime_03_Day_a.png
  artifactKey: Guid(e3de3e8435d45a64fa4aa46634ced55a) Importer(815301076,1909f56bfc062723c751e8b465ee728b)
Start importing Assets/Free Stylized Skybox/CubeMap/Textures/Sky_Anime_03_Day_a.png using Guid(e3de3e8435d45a64fa4aa46634ced55a) Importer(815301076,1909f56bfc062723c751e8b465ee728b)  -> (artifact id: '1b57fe500b478ccdb52134198503c12f') in 0.254234 seconds
  Import took 0.261947 seconds .

========================================================================
Received Import Request.
  Time since last request: 1.338497 seconds.
  path: Assets/Free Stylized Skybox/CubeMap/Textures/Sky_Anime_11_morning_a.png
  artifactKey: Guid(c1473a09822798a41a9cfa11f2721db6) Importer(815301076,1909f56bfc062723c751e8b465ee728b)
Start importing Assets/Free Stylized Skybox/CubeMap/Textures/Sky_Anime_11_morning_a.png using Guid(c1473a09822798a41a9cfa11f2721db6) Importer(815301076,1909f56bfc062723c751e8b465ee728b)  -> (artifact id: '934cf1df537ed859606a22de0725f078') in 0.095300 seconds
  Import took 0.104277 seconds .

========================================================================
Received Import Request.
  Time since last request: 0.886357 seconds.
  path: Assets/Free Stylized Skybox/CubeMap/Textures/Sky_Anime_18_day_a.png
  artifactKey: Guid(b15764350a2285e49a165af927da5da5) Importer(815301076,1909f56bfc062723c751e8b465ee728b)
Start importing Assets/Free Stylized Skybox/CubeMap/Textures/Sky_Anime_18_day_a.png using Guid(b15764350a2285e49a165af927da5da5) Importer(815301076,1909f56bfc062723c751e8b465ee728b)  -> (artifact id: '486d01bb60e9d12f2246b3b334864aeb') in 0.079283 seconds
  Import took 0.086820 seconds .

========================================================================
Received Import Request.
  Time since last request: 0.901501 seconds.
  path: Assets/Free Stylized Skybox/CubeMap/Textures/Sky_Anime_15_Day_a.png
  artifactKey: Guid(fca5a57d63136f6428a1d31d1ab2c777) Importer(815301076,1909f56bfc062723c751e8b465ee728b)
Start importing Assets/Free Stylized Skybox/CubeMap/Textures/Sky_Anime_15_Day_a.png using Guid(fca5a57d63136f6428a1d31d1ab2c777) Importer(815301076,1909f56bfc062723c751e8b465ee728b)  -> (artifact id: '222893e47e2b497a6fce0f4ce011a106') in 0.104696 seconds
  Import took 0.112245 seconds .

========================================================================
Received Import Request.
  Time since last request: 0.875604 seconds.
  path: Assets/Free Stylized Skybox/CubeMap/Textures/Sky_LowPoly_01_Day_a.png
  artifactKey: Guid(15941f70fce71784da1321794120ea6a) Importer(815301076,1909f56bfc062723c751e8b465ee728b)
Start importing Assets/Free Stylized Skybox/CubeMap/Textures/Sky_LowPoly_01_Day_a.png using Guid(15941f70fce71784da1321794120ea6a) Importer(815301076,1909f56bfc062723c751e8b465ee728b)  -> (artifact id: 'f03afe452a5f0d7377e58f26dc895e79') in 0.068821 seconds
  Import took 0.076201 seconds .

========================================================================
Received Import Request.
  Time since last request: 0.763319 seconds.
  path: Assets/Free Stylized Skybox/CubeMap/Textures/Sky_LowPoly_02_Night_a.png
  artifactKey: Guid(b4503954fd147c94180872808dde9eb3) Importer(815301076,1909f56bfc062723c751e8b465ee728b)
Start importing Assets/Free Stylized Skybox/CubeMap/Textures/Sky_LowPoly_02_Night_a.png using Guid(b4503954fd147c94180872808dde9eb3) Importer(815301076,1909f56bfc062723c751e8b465ee728b)  -> (artifact id: '2347b6eaf17845e625da83e651267551') in 0.102959 seconds
  Import took 0.110913 seconds .

========================================================================
Received Import Request.
  Time since last request: 0.001423 seconds.
  path: Assets/Free Stylized Skybox/CubeMap/Textures/Sky_LowPoly_02_Night_a.png
  artifactKey: Guid(b4503954fd147c94180872808dde9eb3) Importer(815301076,1909f56bfc062723c751e8b465ee728b)
Start importing Assets/Free Stylized Skybox/CubeMap/Textures/Sky_LowPoly_02_Night_a.png using Guid(b4503954fd147c94180872808dde9eb3) Importer(815301076,1909f56bfc062723c751e8b465ee728b)  -> (artifact id: '2347b6eaf17845e625da83e651267551') in 0.072063 seconds
  Import took 0.079580 seconds .

========================================================================
Received Prepare
Registering precompiled user dll's ...
Registered in 0.001208 seconds.
Begin MonoManager ReloadAssembly
Native extension for WindowsStandalone target not found
Refreshing native plugins compatible for Editor in 0.43 ms, found 0 plugins.
Preloading 0 native plugins for Editor in 0.00 ms.
Invoked RoslynAnalysisRunner static constructor.
RoslynAnalysisRunner will not be running.
RoslynAnalysisRunner has terminated.
Mono: successfully reloaded assembly
- Completed reload, in  1.111 seconds
Platform modules already initialized, skipping
Shader 'Universal Render Pipeline/Particles/Lit': fallback shader 'Universal Render Pipeline/Particles/SimpleLit' not found
Refreshing native plugins compatible for Editor in 0.45 ms, found 0 plugins.
Preloading 0 native plugins for Editor in 0.00 ms.
Unloading 2619 Unused Serialized files (Serialized files now loaded: 0)
System memory in use before: 148.9 MB.
System memory in use after: 149.1 MB.

Unloading 7 unused Assets to reduce memory usage. Loaded Objects now: 3388.
Total: 2.436000 ms (FindLiveObjects: 0.282200 ms CreateObjectMapping: 0.111800 ms MarkObjects: 1.949000 ms  DeleteObjects: 0.092200 ms)

========================================================================
Received Prepare
Registering precompiled user dll's ...
Registered in 0.001074 seconds.
Begin MonoManager ReloadAssembly
Native extension for WindowsStandalone target not found
Refreshing native plugins compatible for Editor in 0.60 ms, found 0 plugins.
Preloading 0 native plugins for Editor in 0.00 ms.
Invoked RoslynAnalysisRunner static constructor.
RoslynAnalysisRunner will not be running.
RoslynAnalysisRunner has terminated.
Mono: successfully reloaded assembly
- Completed reload, in  1.088 seconds
Platform modules already initialized, skipping
Shader 'Universal Render Pipeline/Particles/Lit': fallback shader 'Universal Render Pipeline/Particles/SimpleLit' not found
Refreshing native plugins compatible for Editor in 0.44 ms, found 0 plugins.
Preloading 0 native plugins for Editor in 0.00 ms.
Unloading 2619 Unused Serialized files (Serialized files now loaded: 0)
System memory in use before: 148.9 MB.
System memory in use after: 149.1 MB.

Unloading 7 unused Assets to reduce memory usage. Loaded Objects now: 3391.
Total: 2.381400 ms (FindLiveObjects: 0.369900 ms CreateObjectMapping: 0.123100 ms MarkObjects: 1.761700 ms  DeleteObjects: 0.126000 ms)

========================================================================
Received Prepare
Registering precompiled user dll's ...
Registered in 0.001236 seconds.
Begin MonoManager ReloadAssembly
Native extension for WindowsStandalone target not found
Refreshing native plugins compatible for Editor in 0.44 ms, found 0 plugins.
Preloading 0 native plugins for Editor in 0.00 ms.
Invoked RoslynAnalysisRunner static constructor.
RoslynAnalysisRunner will not be running.
RoslynAnalysisRunner has terminated.
Mono: successfully reloaded assembly
- Completed reload, in  1.120 seconds
Platform modules already initialized, skipping
Shader 'Universal Render Pipeline/Particles/Lit': fallback shader 'Universal Render Pipeline/Particles/SimpleLit' not found
Refreshing native plugins compatible for Editor in 0.55 ms, found 0 plugins.
Preloading 0 native plugins for Editor in 0.00 ms.
Unloading 2619 Unused Serialized files (Serialized files now loaded: 0)
System memory in use before: 148.9 MB.
System memory in use after: 149.1 MB.

Unloading 7 unused Assets to reduce memory usage. Loaded Objects now: 3394.
Total: 2.399800 ms (FindLiveObjects: 0.397900 ms CreateObjectMapping: 0.128700 ms MarkObjects: 1.776300 ms  DeleteObjects: 0.095900 ms)

========================================================================
Received Prepare
Registering precompiled user dll's ...
Registered in 0.001285 seconds.
Begin MonoManager ReloadAssembly
Native extension for WindowsStandalone target not found
Refreshing native plugins compatible for Editor in 0.44 ms, found 0 plugins.
Preloading 0 native plugins for Editor in 0.00 ms.
Invoked RoslynAnalysisRunner static constructor.
RoslynAnalysisRunner will not be running.
RoslynAnalysisRunner has terminated.
Mono: successfully reloaded assembly
- Completed reload, in  1.099 seconds
Platform modules already initialized, skipping
Shader 'Universal Render Pipeline/Particles/Lit': fallback shader 'Universal Render Pipeline/Particles/SimpleLit' not found
Refreshing native plugins compatible for Editor in 0.44 ms, found 0 plugins.
Preloading 0 native plugins for Editor in 0.00 ms.
Unloading 2619 Unused Serialized files (Serialized files now loaded: 0)
System memory in use before: 148.9 MB.
System memory in use after: 149.1 MB.

Unloading 7 unused Assets to reduce memory usage. Loaded Objects now: 3397.
Total: 2.405300 ms (FindLiveObjects: 0.333300 ms CreateObjectMapping: 0.094100 ms MarkObjects: 1.828300 ms  DeleteObjects: 0.148200 ms)

AssetImportWorkerClient::OnTransportError - code=2 error=End of file
